<?xml version="1.0" encoding="UTF-8"?>
<robot generator="Robot 4.1.3 (Python 3.7.4 on win32)" generated="20220105 14:23:56.730" rpa="false" schemaversion="2">
<suite id="s1" name="Automated" source="C:\Users\hebenitez\PycharmProjects\Testing automated exercise\tests\Automated.robot">
<test id="s1-t1" name="Login With Valid Credentials">
<kw name="Begin Web Test" library="Common" type="SETUP">
<arg>${BLANK}</arg>
<kw name="Open Browser" library="SeleniumLibrary">
<arg>${URL}</arg>
<arg>${BROWSER}</arg>
<doc>Opens a new browser instance to the optional ``url``.</doc>
<msg timestamp="20220105 14:23:57.347" level="INFO">Opening browser 'firefox' to base url 'about:blank'.</msg>
<msg timestamp="20220105 14:23:57.347" level="INFO">Firefox driver log is always forced to to: C:\Users\hebenitez\PycharmProjects\Testing automated exercise\results\geckodriver-11.log</msg>
<kw name="Capture Page Screenshot" library="SeleniumLibrary">
<doc>Takes a screenshot of the current page and embeds it into a log file.</doc>
<msg timestamp="20220105 14:24:00.457" level="INFO">Cannot capture screenshot because no browser is open.</msg>
<status status="PASS" starttime="20220105 14:24:00.442" endtime="20220105 14:24:00.457"/>
</kw>
<msg timestamp="20220105 14:24:00.479" level="FAIL">SessionNotCreatedException: Message: Expected browser binary location, but unable to find binary in default location, no 'moz:firefoxOptions.binary' capability provided, and no binary flag set on the command line
</msg>
<status status="FAIL" starttime="20220105 14:23:57.347" endtime="20220105 14:24:00.479"/>
</kw>
<kw name="Maximize Browser Window" library="SeleniumLibrary">
<doc>Maximizes current browser window.</doc>
<status status="NOT RUN" starttime="20220105 14:24:00.479" endtime="20220105 14:24:00.479"/>
</kw>
<status status="FAIL" starttime="20220105 14:23:57.347" endtime="20220105 14:24:00.479"/>
</kw>
<kw name="End Web Test" library="Common" type="TEARDOWN">
<kw name="Close All Browsers" library="SeleniumLibrary">
<doc>Closes all open browsers and resets the browser cache.</doc>
<status status="PASS" starttime="20220105 14:24:00.479" endtime="20220105 14:24:00.479"/>
</kw>
<status status="PASS" starttime="20220105 14:24:00.479" endtime="20220105 14:24:00.479"/>
</kw>
<doc>Validates that user can login with valid login.</doc>
<status status="FAIL" starttime="20220105 14:23:57.347" endtime="20220105 14:24:00.479">Setup failed:
SessionNotCreatedException: Message: Expected browser binary location, but unable to find binary in default location, no 'moz:firefoxOptions.binary' capability provided, and no binary flag set on the command line
</status>
</test>
<test id="s1-t2" name="Login With Invalid Credentials">
<kw name="Begin Web Test" library="Common" type="SETUP">
<arg>${BLANK}</arg>
<kw name="Open Browser" library="SeleniumLibrary">
<arg>${URL}</arg>
<arg>${BROWSER}</arg>
<doc>Opens a new browser instance to the optional ``url``.</doc>
<msg timestamp="20220105 14:24:00.495" level="INFO">Opening browser 'firefox' to base url 'about:blank'.</msg>
<msg timestamp="20220105 14:24:00.495" level="INFO">Firefox driver log is always forced to to: C:\Users\hebenitez\PycharmProjects\Testing automated exercise\results\geckodriver-12.log</msg>
<kw name="Capture Page Screenshot" library="SeleniumLibrary">
<doc>Takes a screenshot of the current page and embeds it into a log file.</doc>
<status status="FAIL" starttime="20220105 14:24:03.557" endtime="20220105 14:24:03.557"/>
</kw>
<msg timestamp="20220105 14:24:03.557" level="WARN">Keyword 'Capture Page Screenshot' could not be run on failure: Execution terminated by signal</msg>
<status status="FAIL" starttime="20220105 14:24:00.495" endtime="20220105 14:24:03.557"/>
</kw>
<kw name="Maximize Browser Window" library="SeleniumLibrary">
<doc>Maximizes current browser window.</doc>
<status status="NOT RUN" starttime="20220105 14:24:03.563" endtime="20220105 14:24:03.563"/>
</kw>
<status status="FAIL" starttime="20220105 14:24:00.479" endtime="20220105 14:24:03.563"/>
</kw>
<kw name="End Web Test" library="Common" type="TEARDOWN">
<kw name="Close All Browsers" library="SeleniumLibrary">
<doc>Closes all open browsers and resets the browser cache.</doc>
<status status="PASS" starttime="20220105 14:24:03.563" endtime="20220105 14:24:03.563"/>
</kw>
<status status="PASS" starttime="20220105 14:24:03.563" endtime="20220105 14:24:03.563"/>
</kw>
<doc>Validates that user can not log in with invalid credentials and recieves a message.</doc>
<status status="FAIL" starttime="20220105 14:24:00.479" endtime="20220105 14:24:03.563">Setup failed:
Execution terminated by signal</status>
</test>
<test id="s1-t3" name="Adding Elements">
<doc>It verifies that user can add elements correctly through adding button.</doc>
<tag>robot:exit</tag>
<status status="FAIL" starttime="20220105 14:24:03.563" endtime="20220105 14:24:03.579">Test execution stopped due to a fatal error.</status>
</test>
<test id="s1-t4" name="Deleting Elements">
<doc>It verifies that user can delete elements one by one correctly. Through delete button of each element.</doc>
<tag>robot:exit</tag>
<status status="FAIL" starttime="20220105 14:24:03.579" endtime="20220105 14:24:03.579">Test execution stopped due to a fatal error.</status>
</test>
<test id="s1-t5" name="Selecting and verifying checkbox">
<doc>It verifies that user can select checkboxs.</doc>
<tag>robot:exit</tag>
<status status="FAIL" starttime="20220105 14:24:03.594" endtime="20220105 14:24:03.594">Test execution stopped due to a fatal error.</status>
</test>
<test id="s1-t6" name="Validating Context Menu">
<doc>It validates that alert is triggered and shows proper message.</doc>
<tag>robot:exit</tag>
<status status="FAIL" starttime="20220105 14:24:03.594" endtime="20220105 14:24:03.594">Test execution stopped due to a fatal error.</status>
</test>
<test id="s1-t7" name="Checking Disappearing Element">
<doc>It checks for a certain Element that is randomly displayed. It validates its existence or absence</doc>
<tag>robot:exit</tag>
<status status="FAIL" starttime="20220105 14:24:03.594" endtime="20220105 14:24:03.594">Test execution stopped due to a fatal error.</status>
</test>
<test id="s1-t8" name="Dragging And Dropping">
<doc>Validates that user can drag a drop an element to another position.</doc>
<tag>robot:exit</tag>
<status status="FAIL" starttime="20220105 14:24:03.594" endtime="20220105 14:24:03.594">Test execution stopped due to a fatal error.</status>
</test>
<test id="s1-t9" name="Dynamic Images">
<doc>Checks for images of the page and validate images names. Refresh the page until all the images appears at least one time</doc>
<tag>robot:exit</tag>
<status status="FAIL" starttime="20220105 14:24:03.610" endtime="20220105 14:24:03.610">Test execution stopped due to a fatal error.</status>
</test>
<test id="s1-t10" name="Dynamic Controls">
<errors>
<msg timestamp="20220105 14:23:57.300" level="ERROR">Error in file 'C:\Users\hebenitez\PycharmProjects\Testing automated exercise\Resources\PO\FloatingMenu.robot' on line 5: Importing library 'InputData.robot' failed: ModuleNotFoundError: No module named 'InputData'
Traceback (most recent call last):
  None
PYTHONPATH:
  C:\Users\hebenitez\AppData\Local\Programs\Python\Python37-32\Scripts\robot.exe
  c:\users\hebenitez\appdata\local\programs\python\python37-32\python37.zip
  c:\users\hebenitez\appdata\local\programs\python\python37-32\DLLs
  c:\users\hebenitez\appdata\local\programs\python\python37-32\lib
  c:\users\hebenitez\appdata\local\programs\python\python37-32
  c:\users\hebenitez\appdata\local\programs\python\python37-32\lib\site-packages</msg>
<msg timestamp="20220105 14:24:03.557" level="WARN">Keyword 'Capture Page Screenshot' could not be run on failure: Execution terminated by signal</msg>
<msg timestamp="20220105 14:24:03.610" level="ERROR">Execution stopped by user.</msg>
</errors>
</robot>
